2024-05-27 21:05:10,016 - pyswarms.single.global_best - INFO - Optimize for 200 iters with {'c1': 0.5, 'c2': 0.3, 'w': 0.9}
2024-05-27 21:05:10,039 - pyswarms.single.global_best - INFO - Optimization finished | best cost: 5.637740069599535e-12, best pos: [-2.22473326e-06  8.29639667e-07]
2024-05-27 21:07:46,049 - pyswarms.single.global_best - INFO - Optimize for 50 iters with {'c1': 0.5, 'c2': 0.3, 'w': 0.5}
2024-05-27 21:07:46,056 - pyswarms.single.global_best - INFO - Optimization finished | best cost: 2.7432420674098144e-05, best pos: [ 0.00072615 -0.00518702]
2024-05-27 21:07:47,731 - matplotlib.animation - WARNING - MovieWriter imagemagick unavailable; using Pillow instead.
2024-05-27 21:07:47,732 - matplotlib.animation - INFO - Animation.save using <class 'matplotlib.animation.PillowWriter'>
2024-05-27 21:08:23,413 - pyswarms.single.global_best - INFO - Optimize for 50 iters with {'c1': 0.8, 'c2': 0.3, 'w': 0.5}
2024-05-27 21:08:23,422 - pyswarms.single.global_best - INFO - Optimization finished | best cost: 5.876594257314422e-16, best pos: [ 1.91098312e-08 -1.49155548e-08]
2024-05-27 21:08:25,046 - matplotlib.animation - WARNING - MovieWriter imagemagick unavailable; using Pillow instead.
2024-05-27 21:08:25,047 - matplotlib.animation - INFO - Animation.save using <class 'matplotlib.animation.PillowWriter'>
2024-05-27 21:08:41,384 - pyswarms.single.global_best - INFO - Optimize for 50 iters with {'c1': 0.8, 'c2': 0.3, 'w': 0.9}
2024-05-27 21:08:41,392 - pyswarms.single.global_best - INFO - Optimization finished | best cost: 1.6057598478144554e-05, best pos: [ 0.00388386 -0.00098652]
2024-05-27 21:08:43,013 - matplotlib.animation - WARNING - MovieWriter imagemagick unavailable; using Pillow instead.
2024-05-27 21:08:43,014 - matplotlib.animation - INFO - Animation.save using <class 'matplotlib.animation.PillowWriter'>
2024-05-27 21:09:22,047 - pyswarms.single.global_best - INFO - Optimize for 50 iters with {'c1': 0.5, 'c2': 1.0, 'w': 0.5}
2024-05-27 21:09:22,055 - pyswarms.single.global_best - INFO - Optimization finished | best cost: 5.88014676640128e-16, best pos: [ 2.39275878e-08 -3.93512602e-09]
2024-05-27 21:09:23,825 - matplotlib.animation - WARNING - MovieWriter imagemagick unavailable; using Pillow instead.
2024-05-27 21:09:23,826 - matplotlib.animation - INFO - Animation.save using <class 'matplotlib.animation.PillowWriter'>
2024-05-27 21:09:45,925 - pyswarms.single.global_best - INFO - Optimize for 50 iters with {'c1': 0.5, 'c2': 0.1, 'w': 0.5}
2024-05-27 21:09:45,933 - pyswarms.single.global_best - INFO - Optimization finished | best cost: 0.087164281825645, best pos: [0.25666973 0.14589357]
2024-05-27 21:09:47,537 - matplotlib.animation - WARNING - MovieWriter imagemagick unavailable; using Pillow instead.
2024-05-27 21:09:47,539 - matplotlib.animation - INFO - Animation.save using <class 'matplotlib.animation.PillowWriter'>
2024-05-27 21:10:20,597 - pyswarms.single.global_best - INFO - Optimize for 50 iters with {'c1': 0.5, 'c2': 3, 'w': 0.5}
2024-05-27 21:10:20,605 - pyswarms.single.global_best - INFO - Optimization finished | best cost: 5.685075564890385e-09, best pos: [-2.52346615e-05 -7.10513014e-05]
2024-05-27 21:10:22,156 - matplotlib.animation - WARNING - MovieWriter imagemagick unavailable; using Pillow instead.
2024-05-27 21:10:22,157 - matplotlib.animation - INFO - Animation.save using <class 'matplotlib.animation.PillowWriter'>
2024-05-27 21:10:48,144 - pyswarms.single.global_best - INFO - Optimize for 50 iters with {'c1': 3, 'c2': 0.5, 'w': 0.5}
2024-05-27 21:10:48,153 - pyswarms.single.global_best - INFO - Optimization finished | best cost: 3.887981074243007e-11, best pos: [-1.73604998e-06  5.98881802e-06]
2024-05-27 21:10:49,888 - matplotlib.animation - WARNING - MovieWriter imagemagick unavailable; using Pillow instead.
2024-05-27 21:10:49,889 - matplotlib.animation - INFO - Animation.save using <class 'matplotlib.animation.PillowWriter'>
